Mon, 21 Aug 2017 02:15:17 init.py[line:158] INFO Event files list not ready, generate it first:
Mon, 21 Aug 2017 02:15:17 init.py[line:159] INFO Scanning for PHP files which has get_url() defined...
Mon, 21 Aug 2017 02:15:36 init.py[line:165] INFO Done scanning!
Mon, 21 Aug 2017 02:15:36 init.py[line:170] INFO Storing event files list for future extraction...
Mon, 21 Aug 2017 02:15:36 init.py[line:150] INFO Dumping cpickle file : event_files_list.cpklz...
Mon, 21 Aug 2017 02:15:36 init.py[line:152] INFO Done data dumping!
Mon, 21 Aug 2017 02:15:36 init.py[line:174] INFO Done storing event files list!
Mon, 21 Aug 2017 02:15:36 init.py[line:195] INFO Event url templates is not ready, preparing it first...
Mon, 21 Aug 2017 02:15:36 init.py[line:261] INFO Amending url templates by appending manually url templates...
Mon, 21 Aug 2017 02:15:36 init.py[line:264] INFO Done amending, dumping for permanent access...
Mon, 21 Aug 2017 02:15:36 init.py[line:150] INFO Dumping cpickle file : urls.cpklz...
Mon, 21 Aug 2017 02:15:36 init.py[line:152] INFO Done data dumping!
Mon, 21 Aug 2017 02:15:36 init.py[line:268] INFO Done dumping
Mon, 21 Aug 2017 02:15:36 init.py[line:282] INFO Url template file is ready!
Mon, 21 Aug 2017 02:15:46 init.py[line:100] INFO courseid 02970: Dumping logs initially from database...
Mon, 21 Aug 2017 02:15:46 init.py[line:103] INFO Done log dumping!
Mon, 21 Aug 2017 02:15:46 init.py[line:300] INFO courseid 02970: Start munging log data ...
Mon, 21 Aug 2017 02:16:35 init.py[line:405] INFO Below events' url templates not defined:
Mon, 21 Aug 2017 02:16:35 init.py[line:410] INFO Please manually add url patterns for these event and rerun this script!
Mon, 21 Aug 2017 02:16:35 init.py[line:435] INFO Finished data munging, storing...
Mon, 21 Aug 2017 02:16:35 init.py[line:150] INFO Dumping cpickle file : ./data/02970-20170821-021635.cpklz...
Mon, 21 Aug 2017 02:17:01 init.py[line:152] INFO Done data dumping!
Mon, 21 Aug 2017 02:17:01 init.py[line:437] INFO Data is mungged and ready!
Mon, 21 Aug 2017 02:17:01 init.py[line:462] INFO courseid 02970: Preparing cpickle file for plot 1...
Mon, 21 Aug 2017 02:17:01 init.py[line:150] INFO Dumping cpickle file : ./data/02970-20170821-021635_1.cpklz...
Mon, 21 Aug 2017 02:17:01 init.py[line:152] INFO Done data dumping!
Mon, 21 Aug 2017 02:17:01 init.py[line:465] INFO courseid 02970: Done generating p1 cpickle file!
Mon, 21 Aug 2017 02:17:01 1.py[line:45] INFO Printing plot_1 for courseid: 02970...
Mon, 21 Aug 2017 02:17:02 1.py[line:94] INFO Done plotting!
Mon, 21 Aug 2017 02:17:09 init.py[line:476] INFO cPickle file for courseid 02970 found!
Mon, 21 Aug 2017 02:17:09 init.py[line:479] INFO courseid 02970: prep_2 cpickle file not exists!
Mon, 21 Aug 2017 02:17:09 init.py[line:139] INFO Loading cpickle file : ./data/02970-20170821-021635.cpklz...
Mon, 21 Aug 2017 02:17:40 init.py[line:143] INFO Done data loading!
Mon, 21 Aug 2017 02:17:40 init.py[line:462] INFO courseid 02970: Preparing cpickle file for plot 2...
Mon, 21 Aug 2017 02:17:41 init.py[line:150] INFO Dumping cpickle file : ./data/02970-20170821-021635_2.cpklz...
Mon, 21 Aug 2017 02:17:41 init.py[line:152] INFO Done data dumping!
Mon, 21 Aug 2017 02:17:41 init.py[line:465] INFO courseid 02970: Done generating p2 cpickle file!
Mon, 21 Aug 2017 02:17:41 2.py[line:52] INFO Start plotting plot-2 for courseid 02970...
Mon, 21 Aug 2017 02:17:44 2.py[line:105] INFO Done plotting!
Mon, 21 Aug 2017 02:17:49 init.py[line:476] INFO cPickle file for courseid 02970 found!
Mon, 21 Aug 2017 02:17:49 init.py[line:479] INFO courseid 02970: prep_3 cpickle file not exists!
Mon, 21 Aug 2017 02:17:49 init.py[line:139] INFO Loading cpickle file : ./data/02970-20170821-021635.cpklz...
Mon, 21 Aug 2017 02:18:20 init.py[line:143] INFO Done data loading!
Mon, 21 Aug 2017 02:18:20 init.py[line:462] INFO courseid 02970: Preparing cpickle file for plot 3...
Mon, 21 Aug 2017 02:18:35 init.py[line:150] INFO Dumping cpickle file : ./data/02970-20170821-021635_3.cpklz...
Mon, 21 Aug 2017 02:18:35 init.py[line:152] INFO Done data dumping!
Mon, 21 Aug 2017 02:18:35 init.py[line:465] INFO courseid 02970: Done generating p3 cpickle file!
Mon, 21 Aug 2017 02:18:35 3.py[line:48] INFO Start plotting plot-3 for courseid 02970...
Mon, 21 Aug 2017 02:18:37 3.py[line:99] INFO Done plotting!
Mon, 21 Aug 2017 02:18:43 init.py[line:476] INFO cPickle file for courseid 02970 found!
Mon, 21 Aug 2017 02:18:43 init.py[line:479] INFO courseid 02970: prep_4 cpickle file not exists!
Mon, 21 Aug 2017 02:18:43 init.py[line:139] INFO Loading cpickle file : ./data/02970-20170821-021635.cpklz...
Mon, 21 Aug 2017 02:19:15 init.py[line:143] INFO Done data loading!
Mon, 21 Aug 2017 02:19:15 init.py[line:462] INFO courseid 02970: Preparing cpickle file for plot 4...
Mon, 21 Aug 2017 02:19:15 init.py[line:150] INFO Dumping cpickle file : ./data/02970-20170821-021635_4.cpklz...
Mon, 21 Aug 2017 02:19:15 init.py[line:152] INFO Done data dumping!
Mon, 21 Aug 2017 02:19:15 init.py[line:465] INFO courseid 02970: Done generating p4 cpickle file!
Mon, 21 Aug 2017 02:19:15 4.py[line:43] INFO Start plotting plot-4 for courseid 02970...
Mon, 21 Aug 2017 02:19:16 4.py[line:84] INFO Done plotting!
Mon, 21 Aug 2017 02:21:57 init.py[line:476] INFO cPickle file for courseid 02970 found!
Mon, 21 Aug 2017 02:21:57 init.py[line:479] INFO courseid 02970: prep_6 cpickle file not exists!
Mon, 21 Aug 2017 02:21:57 init.py[line:139] INFO Loading cpickle file : ./data/02970-20170821-021635.cpklz...
Mon, 21 Aug 2017 02:22:29 init.py[line:143] INFO Done data loading!
Mon, 21 Aug 2017 02:22:29 init.py[line:462] INFO courseid 02970: Preparing cpickle file for plot 6...
Mon, 21 Aug 2017 02:22:30 init.py[line:150] INFO Dumping cpickle file : ./data/02970-20170821-021635_6.cpklz...
Mon, 21 Aug 2017 02:22:30 init.py[line:152] INFO Done data dumping!
Mon, 21 Aug 2017 02:22:30 init.py[line:465] INFO courseid 02970: Done generating p6 cpickle file!
Mon, 21 Aug 2017 02:22:30 6.py[line:42] INFO Start plotting plot-6 for courseid 02970...
Mon, 21 Aug 2017 02:22:32 6.py[line:85] INFO Done plotting!
Mon, 21 Aug 2017 02:26:13 init.py[line:476] INFO cPickle file for courseid 02970 found!
Mon, 21 Aug 2017 02:26:13 init.py[line:479] INFO courseid 02970: prep_7 cpickle file not exists!
Mon, 21 Aug 2017 02:26:13 init.py[line:139] INFO Loading cpickle file : ./data/02970-20170821-021635.cpklz...
Mon, 21 Aug 2017 02:26:43 init.py[line:143] INFO Done data loading!
Mon, 21 Aug 2017 02:26:43 init.py[line:462] INFO courseid 02970: Preparing cpickle file for plot 7...
Mon, 21 Aug 2017 02:26:44 plots_register.py[line:266] INFO Error IP: 0:0:0:0:0:0:0:1
Mon, 21 Aug 2017 02:26:44 init.py[line:150] INFO Dumping cpickle file : ./data/02970-20170821-021635_7.cpklz...
Mon, 21 Aug 2017 02:26:45 init.py[line:152] INFO Done data dumping!
Mon, 21 Aug 2017 02:26:45 init.py[line:465] INFO courseid 02970: Done generating p7 cpickle file!
Mon, 21 Aug 2017 02:31:14 init.py[line:476] INFO cPickle file for courseid 02970 found!
Mon, 21 Aug 2017 02:31:14 init.py[line:139] INFO Loading cpickle file : ./data/02970-20170821-021635_7.cpklz...
Mon, 21 Aug 2017 02:31:15 init.py[line:143] INFO Done data loading!
Mon, 21 Aug 2017 02:31:36 init.py[line:476] INFO cPickle file for courseid 02970 found!
Mon, 21 Aug 2017 02:31:36 init.py[line:139] INFO Loading cpickle file : ./data/02970-20170821-021635_7.cpklz...
Mon, 21 Aug 2017 02:31:36 init.py[line:143] INFO Done data loading!
Mon, 21 Aug 2017 02:31:36 PngImagePlugin.py[line:130] DEBUG STREAM 'IHDR' 16 13
Mon, 21 Aug 2017 02:31:36 PngImagePlugin.py[line:130] DEBUG STREAM 'pHYs' 41 9
Mon, 21 Aug 2017 02:31:36 PngImagePlugin.py[line:130] DEBUG STREAM 'IDAT' 62 4096
Mon, 21 Aug 2017 02:31:39 7.py[line:47] INFO Start plotting plot-7 for courseid 02970...
Mon, 21 Aug 2017 02:31:43 7.py[line:55] INFO Done plotting!
Mon, 21 Aug 2017 02:33:33 init.py[line:273] INFO Url templates file exists, loading...
Mon, 21 Aug 2017 02:33:33 init.py[line:139] INFO Loading cpickle file : urls.cpklz...
Mon, 21 Aug 2017 02:33:33 init.py[line:143] INFO Done data loading!
Mon, 21 Aug 2017 02:33:33 init.py[line:279] INFO Done loading url templates file!
Mon, 21 Aug 2017 02:33:33 init.py[line:282] INFO Url template file is ready!
Mon, 21 Aug 2017 02:33:35 init.py[line:100] INFO courseid 02969: Dumping logs initially from database...
Mon, 21 Aug 2017 02:33:35 init.py[line:103] INFO Done log dumping!
Mon, 21 Aug 2017 02:33:35 init.py[line:300] INFO courseid 02969: Start munging log data ...
Mon, 21 Aug 2017 02:33:40 init.py[line:405] INFO Below events' url templates not defined:
Mon, 21 Aug 2017 02:33:40 init.py[line:410] INFO Please manually add url patterns for these event and rerun this script!
Mon, 21 Aug 2017 02:33:40 init.py[line:435] INFO Finished data munging, storing...
Mon, 21 Aug 2017 02:33:40 init.py[line:150] INFO Dumping cpickle file : ./data/02969-20170821-023340.cpklz...
Mon, 21 Aug 2017 02:33:42 init.py[line:152] INFO Done data dumping!
Mon, 21 Aug 2017 02:33:42 init.py[line:437] INFO Data is mungged and ready!
Mon, 21 Aug 2017 02:33:42 init.py[line:462] INFO courseid 02969: Preparing cpickle file for plot 8...
Mon, 21 Aug 2017 02:33:43 init.py[line:150] INFO Dumping cpickle file : ./data/02969-20170821-023340_8.cpklz...
Mon, 21 Aug 2017 02:33:43 init.py[line:152] INFO Done data dumping!
Mon, 21 Aug 2017 02:33:43 init.py[line:465] INFO courseid 02969: Done generating p8 cpickle file!
Mon, 21 Aug 2017 02:33:43 init.py[line:476] INFO cPickle file for courseid 02970 found!
Mon, 21 Aug 2017 02:33:43 init.py[line:479] INFO courseid 02970: prep_8 cpickle file not exists!
Mon, 21 Aug 2017 02:33:43 init.py[line:139] INFO Loading cpickle file : ./data/02970-20170821-021635.cpklz...
Mon, 21 Aug 2017 02:34:13 init.py[line:143] INFO Done data loading!
Mon, 21 Aug 2017 02:34:13 init.py[line:462] INFO courseid 02970: Preparing cpickle file for plot 8...
Mon, 21 Aug 2017 02:34:15 init.py[line:150] INFO Dumping cpickle file : ./data/02970-20170821-021635_8.cpklz...
Mon, 21 Aug 2017 02:34:15 init.py[line:152] INFO Done data dumping!
Mon, 21 Aug 2017 02:34:15 init.py[line:465] INFO courseid 02970: Done generating p8 cpickle file!
Mon, 21 Aug 2017 02:34:16 8.py[line:196] INFO Start plotting plot-8 for courses...
Mon, 21 Aug 2017 02:34:16 8.py[line:200] INFO Done plotting!
Mon, 21 Aug 2017 02:34:22 init.py[line:476] INFO cPickle file for courseid 02970 found!
Mon, 21 Aug 2017 02:34:22 init.py[line:479] INFO courseid 02970: prep_9 cpickle file not exists!
Mon, 21 Aug 2017 02:34:22 init.py[line:139] INFO Loading cpickle file : ./data/02970-20170821-021635.cpklz...
Mon, 21 Aug 2017 02:34:52 init.py[line:143] INFO Done data loading!
Mon, 21 Aug 2017 02:34:52 init.py[line:462] INFO courseid 02970: Preparing cpickle file for plot 9...
Mon, 21 Aug 2017 02:34:57 init.py[line:150] INFO Dumping cpickle file : ./data/02970-20170821-021635_9.cpklz...
Mon, 21 Aug 2017 02:34:57 init.py[line:152] INFO Done data dumping!
Mon, 21 Aug 2017 02:34:57 init.py[line:465] INFO courseid 02970: Done generating p9 cpickle file!
Mon, 21 Aug 2017 02:34:57 9.py[line:42] INFO Start plotting plot-9 for courseid 02970...
Mon, 21 Aug 2017 02:34:58 9.py[line:94] INFO Done plotting!
Mon, 21 Aug 2017 02:35:06 init.py[line:476] INFO cPickle file for courseid 02970 found!
Mon, 21 Aug 2017 02:35:06 init.py[line:479] INFO courseid 02970: prep_10 cpickle file not exists!
Mon, 21 Aug 2017 02:35:06 init.py[line:139] INFO Loading cpickle file : ./data/02970-20170821-021635.cpklz...
Mon, 21 Aug 2017 02:35:36 init.py[line:143] INFO Done data loading!
Mon, 21 Aug 2017 02:35:36 init.py[line:462] INFO courseid 02970: Preparing cpickle file for plot 10...
Mon, 21 Aug 2017 02:35:38 init.py[line:150] INFO Dumping cpickle file : ./data/02970-20170821-021635_10.cpklz...
Mon, 21 Aug 2017 02:35:38 init.py[line:152] INFO Done data dumping!
Mon, 21 Aug 2017 02:35:38 init.py[line:465] INFO courseid 02970: Done generating p10 cpickle file!
Mon, 21 Aug 2017 02:35:38 init.py[line:476] INFO cPickle file for courseid 02969 found!
Mon, 21 Aug 2017 02:35:38 init.py[line:479] INFO courseid 02969: prep_10 cpickle file not exists!
Mon, 21 Aug 2017 02:35:38 init.py[line:139] INFO Loading cpickle file : ./data/02969-20170821-023340.cpklz...
Mon, 21 Aug 2017 02:35:42 init.py[line:143] INFO Done data loading!
Mon, 21 Aug 2017 02:35:42 init.py[line:462] INFO courseid 02969: Preparing cpickle file for plot 10...
Mon, 21 Aug 2017 02:35:42 init.py[line:150] INFO Dumping cpickle file : ./data/02969-20170821-023340_10.cpklz...
Mon, 21 Aug 2017 02:35:42 init.py[line:152] INFO Done data dumping!
Mon, 21 Aug 2017 02:35:42 init.py[line:465] INFO courseid 02969: Done generating p10 cpickle file!
Mon, 21 Aug 2017 02:35:42 init.py[line:273] INFO Url templates file exists, loading...
Mon, 21 Aug 2017 02:35:42 init.py[line:139] INFO Loading cpickle file : urls.cpklz...
Mon, 21 Aug 2017 02:35:42 init.py[line:143] INFO Done data loading!
Mon, 21 Aug 2017 02:35:42 init.py[line:279] INFO Done loading url templates file!
Mon, 21 Aug 2017 02:35:42 init.py[line:282] INFO Url template file is ready!
Mon, 21 Aug 2017 02:35:43 init.py[line:100] INFO courseid 50421: Dumping logs initially from database...
Mon, 21 Aug 2017 02:35:43 init.py[line:103] INFO Done log dumping!
Mon, 21 Aug 2017 02:35:43 init.py[line:300] INFO courseid 50421: Start munging log data ...
Mon, 21 Aug 2017 02:35:49 init.py[line:405] INFO Below events' url templates not defined:
Mon, 21 Aug 2017 02:35:49 init.py[line:410] INFO Please manually add url patterns for these event and rerun this script!
Mon, 21 Aug 2017 02:35:49 init.py[line:435] INFO Finished data munging, storing...
Mon, 21 Aug 2017 02:35:49 init.py[line:150] INFO Dumping cpickle file : ./data/50421-20170821-023549.cpklz...
Mon, 21 Aug 2017 02:35:53 init.py[line:152] INFO Done data dumping!
Mon, 21 Aug 2017 02:35:53 init.py[line:437] INFO Data is mungged and ready!
Mon, 21 Aug 2017 02:35:53 init.py[line:462] INFO courseid 50421: Preparing cpickle file for plot 10...
Mon, 21 Aug 2017 02:35:53 init.py[line:150] INFO Dumping cpickle file : ./data/50421-20170821-023549_10.cpklz...
Mon, 21 Aug 2017 02:35:53 init.py[line:152] INFO Done data dumping!
Mon, 21 Aug 2017 02:35:53 init.py[line:465] INFO courseid 50421: Done generating p10 cpickle file!
Mon, 21 Aug 2017 02:35:53 10.py[line:58] INFO Start plotting plot-10 for courses...
Mon, 21 Aug 2017 02:35:55 10.py[line:116] INFO Done plotting!
Mon, 21 Aug 2017 02:45:24 init.py[line:476] INFO cPickle file for courseid 02970 found!
Mon, 21 Aug 2017 02:45:24 init.py[line:479] INFO courseid 02970: prep_10 cpickle file not exists!
Mon, 21 Aug 2017 02:45:24 init.py[line:139] INFO Loading cpickle file : ./data/02970-20170821-021635.cpklz...
Mon, 21 Aug 2017 02:45:54 init.py[line:143] INFO Done data loading!
Mon, 21 Aug 2017 02:45:54 init.py[line:462] INFO courseid 02970: Preparing cpickle file for plot 10...
Mon, 21 Aug 2017 02:45:56 init.py[line:150] INFO Dumping cpickle file : ./data/02970-20170821-021635_10.cpklz...
Mon, 21 Aug 2017 02:45:56 init.py[line:152] INFO Done data dumping!
Mon, 21 Aug 2017 02:45:56 init.py[line:465] INFO courseid 02970: Done generating p10 cpickle file!
Mon, 21 Aug 2017 02:45:56 init.py[line:476] INFO cPickle file for courseid 02969 found!
Mon, 21 Aug 2017 02:45:56 init.py[line:479] INFO courseid 02969: prep_10 cpickle file not exists!
Mon, 21 Aug 2017 02:45:56 init.py[line:139] INFO Loading cpickle file : ./data/02969-20170821-023340.cpklz...
Mon, 21 Aug 2017 02:45:59 init.py[line:143] INFO Done data loading!
Mon, 21 Aug 2017 02:45:59 init.py[line:462] INFO courseid 02969: Preparing cpickle file for plot 10...
Mon, 21 Aug 2017 02:46:00 init.py[line:150] INFO Dumping cpickle file : ./data/02969-20170821-023340_10.cpklz...
Mon, 21 Aug 2017 02:46:00 init.py[line:152] INFO Done data dumping!
Mon, 21 Aug 2017 02:46:00 init.py[line:465] INFO courseid 02969: Done generating p10 cpickle file!
Mon, 21 Aug 2017 02:46:00 init.py[line:476] INFO cPickle file for courseid 50421 found!
Mon, 21 Aug 2017 02:46:00 init.py[line:479] INFO courseid 50421: prep_10 cpickle file not exists!
Mon, 21 Aug 2017 02:46:00 init.py[line:139] INFO Loading cpickle file : ./data/50421-20170821-023549.cpklz...
Mon, 21 Aug 2017 02:46:03 init.py[line:143] INFO Done data loading!
Mon, 21 Aug 2017 02:46:03 init.py[line:462] INFO courseid 50421: Preparing cpickle file for plot 10...
Mon, 21 Aug 2017 02:46:04 init.py[line:150] INFO Dumping cpickle file : ./data/50421-20170821-023549_10.cpklz...
Mon, 21 Aug 2017 02:46:04 init.py[line:152] INFO Done data dumping!
Mon, 21 Aug 2017 02:46:04 init.py[line:465] INFO courseid 50421: Done generating p10 cpickle file!
Mon, 21 Aug 2017 02:46:04 10.py[line:58] INFO Start plotting plot-10 for courses...
Mon, 21 Aug 2017 02:46:06 10.py[line:116] INFO Done plotting!
Mon, 21 Aug 2017 02:53:27 init.py[line:476] INFO cPickle file for courseid 02970 found!
Mon, 21 Aug 2017 02:53:27 init.py[line:139] INFO Loading cpickle file : ./data/02970-20170821-021635_1.cpklz...
Mon, 21 Aug 2017 02:53:27 init.py[line:143] INFO Done data loading!
Mon, 21 Aug 2017 02:53:27 1.py[line:45] INFO Printing plot_1 for courseid: 02970...
Mon, 21 Aug 2017 02:53:28 1.py[line:94] INFO Done plotting!
Mon, 21 Aug 2017 02:53:32 init.py[line:476] INFO cPickle file for courseid 02970 found!
Mon, 21 Aug 2017 02:53:32 init.py[line:139] INFO Loading cpickle file : ./data/02970-20170821-021635_2.cpklz...
Mon, 21 Aug 2017 02:53:32 init.py[line:143] INFO Done data loading!
Mon, 21 Aug 2017 02:53:32 2.py[line:52] INFO Start plotting plot-2 for courseid 02970...
Mon, 21 Aug 2017 02:53:34 2.py[line:105] INFO Done plotting!
Mon, 21 Aug 2017 02:53:38 init.py[line:476] INFO cPickle file for courseid 02970 found!
Mon, 21 Aug 2017 02:53:38 init.py[line:139] INFO Loading cpickle file : ./data/02970-20170821-021635_3.cpklz...
Mon, 21 Aug 2017 02:53:38 init.py[line:143] INFO Done data loading!
Mon, 21 Aug 2017 02:53:38 3.py[line:48] INFO Start plotting plot-3 for courseid 02970...
Mon, 21 Aug 2017 02:53:40 3.py[line:99] INFO Done plotting!
Mon, 21 Aug 2017 02:53:43 init.py[line:476] INFO cPickle file for courseid 02970 found!
Mon, 21 Aug 2017 02:53:43 init.py[line:139] INFO Loading cpickle file : ./data/02970-20170821-021635_4.cpklz...
Mon, 21 Aug 2017 02:53:43 init.py[line:143] INFO Done data loading!
Mon, 21 Aug 2017 02:53:43 4.py[line:43] INFO Start plotting plot-4 for courseid 02970...
Mon, 21 Aug 2017 02:53:44 4.py[line:84] INFO Done plotting!
Mon, 21 Aug 2017 02:53:51 init.py[line:476] INFO cPickle file for courseid 02970 found!
Mon, 21 Aug 2017 02:53:51 init.py[line:139] INFO Loading cpickle file : ./data/02970-20170821-021635_6.cpklz...
Mon, 21 Aug 2017 02:53:51 init.py[line:143] INFO Done data loading!
Mon, 21 Aug 2017 02:53:51 6.py[line:42] INFO Start plotting plot-6 for courseid 02970...
Mon, 21 Aug 2017 02:53:53 6.py[line:85] INFO Done plotting!
Mon, 21 Aug 2017 02:53:57 init.py[line:476] INFO cPickle file for courseid 02970 found!
Mon, 21 Aug 2017 02:53:57 init.py[line:139] INFO Loading cpickle file : ./data/02970-20170821-021635_7.cpklz...
Mon, 21 Aug 2017 02:53:57 init.py[line:143] INFO Done data loading!
Mon, 21 Aug 2017 02:53:57 PngImagePlugin.py[line:130] DEBUG STREAM 'IHDR' 16 13
Mon, 21 Aug 2017 02:53:57 PngImagePlugin.py[line:130] DEBUG STREAM 'pHYs' 41 9
Mon, 21 Aug 2017 02:53:57 PngImagePlugin.py[line:130] DEBUG STREAM 'IDAT' 62 4096
Mon, 21 Aug 2017 02:53:59 7.py[line:47] INFO Start plotting plot-7 for courseid 02970...
Mon, 21 Aug 2017 02:54:03 7.py[line:55] INFO Done plotting!
Mon, 21 Aug 2017 02:54:07 init.py[line:476] INFO cPickle file for courseid 02969 found!
Mon, 21 Aug 2017 02:54:07 init.py[line:139] INFO Loading cpickle file : ./data/02969-20170821-023340_8.cpklz...
Mon, 21 Aug 2017 02:54:07 init.py[line:143] INFO Done data loading!
Mon, 21 Aug 2017 02:54:07 init.py[line:476] INFO cPickle file for courseid 02970 found!
Mon, 21 Aug 2017 02:54:07 init.py[line:139] INFO Loading cpickle file : ./data/02970-20170821-021635_8.cpklz...
Mon, 21 Aug 2017 02:54:07 init.py[line:143] INFO Done data loading!
Mon, 21 Aug 2017 02:54:08 8.py[line:196] INFO Start plotting plot-8 for courses...
Mon, 21 Aug 2017 02:54:08 8.py[line:200] INFO Done plotting!
Mon, 21 Aug 2017 02:54:12 init.py[line:476] INFO cPickle file for courseid 02970 found!
Mon, 21 Aug 2017 02:54:12 init.py[line:139] INFO Loading cpickle file : ./data/02970-20170821-021635_9.cpklz...
Mon, 21 Aug 2017 02:54:12 init.py[line:143] INFO Done data loading!
Mon, 21 Aug 2017 02:54:12 9.py[line:42] INFO Start plotting plot-9 for courseid 02970...
Mon, 21 Aug 2017 02:54:13 9.py[line:94] INFO Done plotting!
Mon, 21 Aug 2017 02:54:17 init.py[line:476] INFO cPickle file for courseid 02970 found!
Mon, 21 Aug 2017 02:54:17 init.py[line:139] INFO Loading cpickle file : ./data/02970-20170821-021635_10.cpklz...
Mon, 21 Aug 2017 02:54:17 init.py[line:143] INFO Done data loading!
Mon, 21 Aug 2017 02:54:17 init.py[line:476] INFO cPickle file for courseid 02969 found!
Mon, 21 Aug 2017 02:54:17 init.py[line:139] INFO Loading cpickle file : ./data/02969-20170821-023340_10.cpklz...
Mon, 21 Aug 2017 02:54:17 init.py[line:143] INFO Done data loading!
Mon, 21 Aug 2017 02:54:17 init.py[line:476] INFO cPickle file for courseid 50421 found!
Mon, 21 Aug 2017 02:54:17 init.py[line:139] INFO Loading cpickle file : ./data/50421-20170821-023549_10.cpklz...
Mon, 21 Aug 2017 02:54:17 init.py[line:143] INFO Done data loading!
Mon, 21 Aug 2017 02:54:17 10.py[line:59] INFO Start plotting plot-10 for courses...
Mon, 21 Aug 2017 02:54:19 10.py[line:117] INFO Done plotting!
